Warning: Discipline:Projeto: Empty content category element not published.
Warning: Tool:criacao_prototipo: Empty content category element not published.
Warning: SupportingMaterial:processo_overview: Unable to find element for guid _GBDCce7REd2C0KkvQJ9heQ
Warning: Task:definir_backlog_produto: Unable to find element for guid _GBDCce7REd2C0KkvQJ9heQ
Warning: Task:definir_backlog_produto: Unable to find element for guid _GBDCc-7REd2C0KkvQJ9heQ
Warning: Task:definir_backlog_produto: Unable to find element for guid _GBDCc-7REd2C0KkvQJ9heQ
Warning: Task:definir_backlog_produto: Unable to find element for guid _GBDCce7REd2C0KkvQJ9heQ
Warning: Task:definir_backlog_produto: Unable to find element for guid _GBDCc-7REd2C0KkvQJ9heQ
Warning: Task:estimar_backlog_produto: Unable to find element for guid _GBDCce7REd2C0KkvQJ9heQ
Warning: Task:investigar_viabilidade_projeto: Unable to find element for guid _GBDCce7REd2C0KkvQJ9heQ
Warning: CapabilityPattern:pds_novas_funcionalidades: missing resource file './../../PDS-CPD-UFS/capabilitypatterns/Solicita&ccedil;&atilde;o de Mudan&ccedil;a_25837DF8.html'
Warning: CapabilityPattern:pds_novas_funcionalidades: missing resource file './../../PDS-CPD-UFS/capabilitypatterns/Solicita&ccedil;&atilde;o de Mudan&ccedil;a_25837DF8.html'
Warning: Phase:Solicitação de Mudança: missing resource file './../../PDS-CPD-UFS/capabilitypatterns/resources/Solicita&ccedil;&atilde;o de Mudan&ccedil;a_25837DF8_Activity.jpeg'
Warning: Phase:Solicitação de Mudança: missing resource file './../../PDS-CPD-UFS/capabilitypatterns/resources/Solicita&ccedil;&atilde;o de Mudan&ccedil;a_25837DF8_Activity.jpeg'
Warning: TaskDescriptor:definir_backlog_produto: Unable to find element for guid _GBDCce7REd2C0KkvQJ9heQ
Warning: TaskDescriptor:definir_backlog_produto: Unable to find element for guid _GBDCc-7REd2C0KkvQJ9heQ
Warning: TaskDescriptor:definir_backlog_produto: Unable to find element for guid _GBDCc-7REd2C0KkvQJ9heQ
Warning: TaskDescriptor:definir_backlog_produto: Unable to find element for guid _GBDCce7REd2C0KkvQJ9heQ
Warning: TaskDescriptor:definir_backlog_produto: Unable to find element for guid _GBDCc-7REd2C0KkvQJ9heQ
Warning: TaskDescriptor:estimar_backlog_produto: Unable to find element for guid _GBDCce7REd2C0KkvQJ9heQ
Warning: TaskDescriptor:gerenciar_recursos: Unable to find element for guid _GBDCc-7REd2C0KkvQJ9heQ
Warning: TaskDescriptor:gerenciar_recursos: Unable to find element for guid _GBDCcu7REd2C0KkvQJ9heQ
Warning: TaskDescriptor:investigar_viabilidade_projeto: Unable to find element for guid _GBDCce7REd2C0KkvQJ9heQ
Warning: TaskDescriptor:criar_plano_release: Unable to find element for guid _GBDCc-7REd2C0KkvQJ9heQ
Warning: Iteration:Sprints: missing resource file './../../PDS-CPD-UFS/capabilitypatterns/Execu&ccedil;&atilde;o_887B73EB.html'
Warning: Iteration:Sprints: missing resource file './../../PDS-CPD-UFS/capabilitypatterns/Revis&atilde;o_9C3581FF.html'
Warning: Iteration:Sprints: missing resource file './../../PDS-CPD-UFS/capabilitypatterns/Execu&ccedil;&atilde;o_887B73EB.html'
Warning: Iteration:Sprints: missing resource file './../../PDS-CPD-UFS/capabilitypatterns/Revis&atilde;o_9C3581FF.html'
Warning: TaskDescriptor:priorizar_backlog_produto: Unable to find element for guid _GBDCce7REd2C0KkvQJ9heQ
Warning: TaskDescriptor:planejar_objetivos_sprint: Unable to find element for guid _GBDCce7REd2C0KkvQJ9heQ
Warning: TaskDescriptor:planejar_objetivos_sprint: Unable to find element for guid _GBDCce7REd2C0KkvQJ9heQ
Warning: TaskDescriptor:planejar_objetivos_sprint: Unable to find element for guid _GBDCc-7REd2C0KkvQJ9heQ
Warning: Iteration:Execução: missing resource file './../../PDS-CPD-UFS/capabilitypatterns/resources/Execu&ccedil;&atilde;o_887B73EB_Activity.jpeg'
Warning: Iteration:Execução: missing resource file './../../PDS-CPD-UFS/capabilitypatterns/resources/Execu&ccedil;&atilde;o_887B73EB_Activity.jpeg'
Warning: TaskDescriptor:realizar_reuniao_diaria: Unable to find element for guid _GBDCc-7REd2C0KkvQJ9heQ
Warning: TaskDescriptor:resolver_impedimentos: Unable to find element for guid _GBDCc-7REd2C0KkvQJ9heQ
Warning: TaskDescriptor:resolver_impedimentos: Unable to find element for guid _GBDCcu7REd2C0KkvQJ9heQ
Warning: TaskDescriptor:resolver_impedimentos: Unable to find element for guid _kTvKkO7hEd2C0KkvQJ9heQ
Warning: TaskDescriptor:resolver_impedimentos: Unable to find element for guid _kTvKkO7hEd2C0KkvQJ9heQ
Warning: TaskDescriptor:resolver_impedimentos: Unable to find element for guid _kTvKkO7hEd2C0KkvQJ9heQ
Warning: TaskDescriptor:selecionar_tarefa_diaria: Unable to find element for guid _kTvKkO7hEd2C0KkvQJ9heQ
Warning: TaskDescriptor:selecionar_tarefa_diaria: Unable to find element for guid _GBDCc-7REd2C0KkvQJ9heQ
Warning: TaskDescriptor:selecionar_tarefa_diaria: Unable to find element for guid _kTvKkO7hEd2C0KkvQJ9heQ
Warning: TaskDescriptor:executar_tarefa_diaria: Unable to find element for guid _kTvKkO7hEd2C0KkvQJ9heQ
Warning: Phase:Revisão: missing resource file './../../PDS-CPD-UFS/capabilitypatterns/resources/Revis&atilde;o_9C3581FF_Activity.jpeg'
Warning: Phase:Revisão: missing resource file './../../PDS-CPD-UFS/capabilitypatterns/resources/Revis&atilde;o_9C3581FF_Activity.jpeg'
Warning: TaskDescriptor:implantar_release: Unable to find element for guid _GBDCce7REd2C0KkvQJ9heQ
Warning: TaskDescriptor:implantar_versao_beta: Unable to find element for guid _GBDCce7REd2C0KkvQJ9heQ
Warning: TaskDescriptor:implantar_versao_beta: Unable to find element for guid _GBDCce7REd2C0KkvQJ9heQ
Warning: TaskDescriptor:implantar_versao_beta: Unable to find element for guid _GBDCce7REd2C0KkvQJ9heQ
Warning: TaskDescriptor:reuniao_revisao_sprint: Unable to find element for guid _GBDCce7REd2C0KkvQJ9heQ
Warning: TaskDescriptor:reuniao_revisao_sprint: Unable to find element for guid _GBDCce7REd2C0KkvQJ9heQ
Warning: TaskDescriptor:retrospectiva_sprint: Unable to find element for guid _GBDCc-7REd2C0KkvQJ9heQ
Warning: TaskDescriptor:retrospectiva_sprint: Unable to find element for guid _GBDCc-7REd2C0KkvQJ9heQ
Warning: TaskDescriptor:retrospectiva_sprint: Unable to find element for guid _GBDCc-7REd2C0KkvQJ9heQ
Warning: Artifact:product_backlog: Missing referenced element Task:sprint_planning_meeting
Warning: Artifact:product_backlog: Missing referenced element Role:product_owner
Warning: Artifact:sprint_backlog: Missing referenced element Role:product_owner
Warning: Artifact:sprint_backlog: Missing referenced element Role:scrummaster
Warning: Artifact:product_backlog: Missing referenced element Task:sprint_planning_meeting
Warning: Artifact:product_backlog: Missing referenced element Role:product_owner
Warning: Task:sprint_planning_meeting: IUPP0003W: Element was not published because it is not a valid element in the configuration.
Warning: Role:product_owner: IUPP0003W: Element was not published because it is not a valid element in the configuration.
Warning: Role:scrummaster: IUPP0003W: Element was not published because it is not a valid element in the configuration.
Warning: Artifact:sprint_burndown_chart: Missing referenced element Task:sprint_planning_meeting
Warning: Artifact:sprint_burndown_chart: Missing referenced element Role:product_owner
Warning: Artifact:sprint_backlog: Missing referenced element Role:product_owner
Warning: Artifact:sprint_backlog: Missing referenced element Role:scrummaster
Warning: Task:sprint_planning_meeting: IUPP0003W: Element was not published because it is not a valid element in the configuration.
Warning: Role:product_owner: IUPP0003W: Element was not published because it is not a valid element in the configuration.
Warning: Role:scrummaster: IUPP0003W: Element was not published because it is not a valid element in the configuration.
Warning: Artifact:sprint_burndown_chart: Missing referenced element Task:sprint_planning_meeting
Warning: Artifact:sprint_burndown_chart: Missing referenced element Role:product_owner
Warning: Task:sprint_planning_meeting: IUPP0003W: Element was not published because it is not a valid element in the configuration.
Warning: Role:product_owner: IUPP0003W: Element was not published because it is not a valid element in the configuration.
