Info: CustomCategory:cpd_category: 328 mini seconds publishing element
Info: SupportingMaterial:processo_overview: 312 mini seconds publishing element
Info: DisciplineGrouping:disciplinas_cpd_ufs: 31 mini seconds publishing element
Info: Discipline:Requisitos: 16 mini seconds publishing element
Info: Task:aprovar_modelo_negocio: 374 mini seconds publishing element
Info: Task:aprovar_projeto: 16 mini seconds publishing element
Info: Task:definir_backlog_produto: 46 mini seconds publishing element
Info: Task:definir_modelo_negocio: 16 mini seconds publishing element
Info: Task:estimar_backlog_produto: 16 mini seconds publishing element
Info: Task:investigar_viabilidade_projeto: 31 mini seconds publishing element
Info: : 3915 mini-second(s) publishing element CapabilityPattern:pds_novas_funcionalidades[PDS-CPD-UFS\capabilitypatterns\pds_novas_funcionalidades_D637925D.html]
Info: CapabilityPattern:pds_novas_funcionalidades: 3931 mini seconds publishing element
Info: CapabilityPattern:pds_novas_funcionalidades: 1763 mini seconds publishing process specific layout data
Info: Phase:Solicitação de Mudança: 405 mini seconds publishing element
Info: TaskDescriptor:abrir_chamado: 406 mini seconds publishing element
Info: TaskDescriptor:aguardar_solucao: 47 mini seconds publishing element
Info: TaskDescriptor:atender_demanda: 15 mini seconds publishing element
Info: TaskDescriptor:atualizar_status_demanda: 32 mini seconds publishing element
Info: TaskDescriptor:avaliar_atendimento: 15 mini seconds publishing element
Info: TaskDescriptor:avaliar_demanda: 15 mini seconds publishing element
Info: TaskDescriptor:encaminhar_demanda: 32 mini seconds publishing element
Info: TaskDescriptor:fechar_chamado: 15 mini seconds publishing element
Info: TaskDescriptor:incluir_solucao_recorrente: 16 mini seconds publishing element
Info: TaskDescriptor:receber_solucao: 31 mini seconds publishing element
Info: Phase:Planejamento: 437 mini seconds publishing element
Info: TaskDescriptor:aprovar_modelo_negocio: 31 mini seconds publishing element
Info: TaskDescriptor:aprovar_projeto: 31 mini seconds publishing element
Info: TaskDescriptor:definir_backlog_produto: 172 mini seconds publishing element
Info: TaskDescriptor:definir_modelo_negocio: 31 mini seconds publishing element
Info: TaskDescriptor:estimar_backlog_produto: 16 mini seconds publishing element
Info: TaskDescriptor:gerenciar_recursos: 31 mini seconds publishing element
Info: TaskDescriptor:investigar_viabilidade_projeto: 31 mini seconds publishing element
Info: TaskDescriptor:preparar_ambiente_projeto: 31 mini seconds publishing element
Info: TaskDescriptor:criar_plano_release: 63 mini seconds publishing element
Info: TaskDescriptor:gerenciar_projeto: 15 mini seconds publishing element
Info: Iteration:Sprints: 234 mini seconds publishing element
Info: Phase:Planejamento: 562 mini seconds publishing element
Info: TaskDescriptor:priorizar_backlog_produto: 15 mini seconds publishing element
Info: TaskDescriptor:planejar_objetivos_sprint: 47 mini seconds publishing element
Info: TaskDescriptor:refinar_requisitos: 16 mini seconds publishing element
Info: TaskDescriptor:aprovar_requisitos_sprint: 15 mini seconds publishing element
Info: TaskDescriptor:atualizar_plano_releases: 16 mini seconds publishing element
Info: TaskDescriptor:definir_tarefas_diarias: 15 mini seconds publishing element
Info: TaskDescriptor:gerenciar_projeto: 156 mini seconds publishing element
Info: Iteration:Execução: 312 mini seconds publishing element
Info: TaskDescriptor:realizar_reuniao_diaria: 234 mini seconds publishing element
Info: TaskDescriptor:resolver_impedimentos: 47 mini seconds publishing element
Info: TaskDescriptor:selecionar_tarefa_diaria: 31 mini seconds publishing element
Info: TaskDescriptor:executar_tarefa_diaria: 31 mini seconds publishing element
Info: TaskDescriptor:gerenciar_projeto: 16 mini seconds publishing element
Info: Phase:Revisão: 250 mini seconds publishing element
Info: TaskDescriptor:implantar_release: 31 mini seconds publishing element
Info: TaskDescriptor:implantar_versao_beta: 15 mini seconds publishing element
Info: TaskDescriptor:realizar_treinamentos: 16 mini seconds publishing element
Info: TaskDescriptor:reuniao_revisao_sprint: 31 mini seconds publishing element
Info: Phase:Retrospectiva: 187 mini seconds publishing element
Info: TaskDescriptor:divulgar_licoes_aprendidas: 16 mini seconds publishing element
Info: TaskDescriptor:retrospectiva_sprint: 31 mini seconds publishing element
Info: TaskDescriptor:tirar_folga_tecnica: 16 mini seconds publishing element
Info: RoleSet:equipe_scrum: 15 mini seconds publishing element
Info: : 2855 mini-second(s) publishing element Role:product_owner[PDS-CPD-UFS\roles\product_owner_E4EB451F.html]
Info: Role:product_owner: 2855 mini seconds publishing element
Info: Role:scrum_master: 31 mini seconds publishing element
Info: Role:scrum_master_produto: 32 mini seconds publishing element
Info: Role:scrum_team: 249 mini seconds publishing element
Info: RoleSet:equipe_desenvolvimento: 16 mini seconds publishing element
Info: Artifact:product_backlog: 312 mini seconds publishing element
Info: Artifact:sprint_backlog: 15 mini seconds publishing element
Info: Artifact:visao_sistema: 16 mini seconds publishing element
Info: Tool:gerenciamento_documentos: 16 mini seconds publishing element
Info: Tool:gerenciamento_demandas: 15 mini seconds publishing element
Info: Tool:site_desenvolvimento: 16 mini seconds publishing element
Info: Role:usuario: 47 mini seconds publishing element
Info: Tool:gerenciamento_demanda_usuario: 15 mini seconds publishing element
Info: Role:equipe_atendimento: 63 mini seconds publishing element
Info: Tool:gerenciamento_projetos: 15 mini seconds publishing element
Info: Artifact:product_backlog: 16 mini seconds publishing element
Info: Artifact:sprint_burndown_chart: 47 mini seconds publishing element
Info: Task:abrir_chamado: 15 mini seconds publishing element
Info: Task:aguardar_solucao: 16 mini seconds publishing element
Info: Task:atender_demanda: 15 mini seconds publishing element
Info: Task:atualizar_status_demanda: 16 mini seconds publishing element
Info: Task:avaliar_atendimento: 94 mini seconds publishing element
Info: Task:avaliar_demanda: 15 mini seconds publishing element
Info: Task:encaminhar_demanda: 16 mini seconds publishing element
Info: Task:fechar_chamado: 15 mini seconds publishing element
Info: Task:incluir_solucao_recorrente: 78 mini seconds publishing element
Info: Task:receber_solucao: 31 mini seconds publishing element
Info: Artifact:sprint_backlog: 16 mini seconds publishing element
Info: Artifact:sprint_burndown_chart: 15 mini seconds publishing element
Info: : Publishing time: 0 minutes 18 seconds
